Flutter crash report; please file at https://github.com/flutter/flutter/issues.

## command

flutter packages get

## exception

FileSystemException: FileSystemException: Cannot open file, path = 'C:\Users\danwe\MeineDokumente\MyProjects\flutter\my_recipe_book\.git-rewrite\t\.packages' (OS Error: Das System kann die angegebene Datei nicht finden.
, errno = 2)

```
#0      _File.throwIfError (dart:io/file_impl.dart:643:7)
#1      _File.openSync (dart:io/file_impl.dart:487:5)
#2      _File.readAsBytesSync (dart:io/file_impl.dart:547:18)
#3      ForwardingFile.readAsBytesSync (package:file/src/forwarding/forwarding_file.dart:95:62)
#4      _parse (package:flutter_tools/src/dart/package_map.dart:13:50)
#5      PackageMap.load (package:flutter_tools/src/dart/package_map.dart:37:14)
#6      PackageMap.map (package:flutter_tools/src/dart/package_map.dart:41:5)
#7      findPlugins (package:flutter_tools/src/plugins.dart:86:41)
#8      injectPlugins (package:flutter_tools/src/plugins.dart:357:32)
<asynchronous suspension>
#9      FlutterProject.ensureReadyForPlatformSpecificTooling (package:flutter_tools/src/project.dart:213:11)
<asynchronous suspension>
#10     PackagesGetCommand.runCommand (package:flutter_tools/src/commands/packages.dart:129:23)
<asynchronous suspension>
#11     FlutterCommand.verifyThenRunCommand (package:flutter_tools/src/runner/flutter_command.dart:490:18)
#12     _asyncThenWrapperHelper.<anonymous closure> (dart:async-patch/async_patch.dart:71:64)
#13     _rootRunUnary (dart:async/zone.dart:1132:38)
#14     _CustomZone.runUnary (dart:async/zone.dart:1029:19)
#15     _FutureListener.handleValue (dart:async/future_impl.dart:137:18)
#16     Future._propagateToListeners.handleValueCallback (dart:async/future_impl.dart:678:45)
#17     Future._propagateToListeners (dart:async/future_impl.dart:707:32)
#18     Future._completeWithValue (dart:async/future_impl.dart:522:5)
#19     _AsyncAwaitCompleter.complete (dart:async-patch/async_patch.dart:30:15)
#20     _completeOnAsyncReturn (dart:async-patch/async_patch.dart:288:13)
#21     PackagesGetCommand.usageValues (package:flutter_tools/src/commands/packages.dart)
#22     _asyncThenWrapperHelper.<anonymous closure> (dart:async-patch/async_patch.dart:71:64)
#23     _rootRunUnary (dart:async/zone.dart:1132:38)
#24     _CustomZone.runUnary (dart:async/zone.dart:1029:19)
#25     _FutureListener.handleValue (dart:async/future_impl.dart:137:18)
#26     Future._propagateToListeners.handleValueCallback (dart:async/future_impl.dart:678:45)
#27     Future._propagateToListeners (dart:async/future_impl.dart:707:32)
#28     Future._completeWithValue (dart:async/future_impl.dart:522:5)
#29     Future._asyncComplete.<anonymous closure> (dart:async/future_impl.dart:552:7)
#30     _rootRun (dart:async/zone.dart:1124:13)
#31     _CustomZone.run (dart:async/zone.dart:1021:19)
#32     _CustomZone.runGuarded (dart:async/zone.dart:923:7)
#33     _CustomZone.bindCallbackGuarded.<anonymous closure> (dart:async/zone.dart:963:23)
#34     _microtaskLoop (dart:async/schedule_microtask.dart:41:21)
#35     _startMicrotaskLoop (dart:async/schedule_microtask.dart:50:5)
#36     _runPendingImmediateCallback (dart:isolate-patch/isolate_patch.dart:116:13)
#37     _RawReceivePortImpl._handleMessage (dart:isolate-patch/isolate_patch.dart:173:5)
```

## flutter doctor

```
[✓] Flutter (Channel stable, v1.9.1+hotfix.4, on Microsoft Windows [Version 10.0.18362.356], locale de-DE)
    • Flutter version 1.9.1+hotfix.4 at C:\src\flutter
    • Framework revision cc949a8e8b (2 weeks ago), 2019-09-27 15:04:59 -0700
    • Engine revision b863200c37
    • Dart version 2.5.0

[!] Android toolchain - develop for Android devices (Android SDK version 29.0.2)
    • Android SDK at C:\Users\danwe\AppData\Local\Android\sdk
    • Android NDK location not configured (optional; useful for native profiling support)
    • Platform android-29, build-tools 29.0.2
    • Java binary at: C:\Program Files\Android\Android Studio\jre\bin\java
    • Java version OpenJDK Runtime Environment (build 1.8.0_202-release-1483-b03)
    ✗ Android license status unknown.
      Try re-installing or updating your Android SDK Manager.
      See https://developer.android.com/studio/#downloads or visit https://flutter.dev/setup/#android-setup for detailed instructions.

[✓] Android Studio (version 3.5)
    • Android Studio at C:\Program Files\Android\Android Studio
    • Flutter plugin version 40.1.2
    • Dart plugin version 191.8423
    • Java version OpenJDK Runtime Environment (build 1.8.0_202-release-1483-b03)

[!] IntelliJ IDEA Community Edition (version 2018.1)
    • IntelliJ at C:\Program Files\JetBrains\IntelliJ IDEA Community Edition 2018.1
    ✗ Flutter plugin not installed; this adds Flutter specific functionality.
    ✗ Dart plugin not installed; this adds Dart specific functionality.
    • For information about installing plugins, see
      https://flutter.dev/intellij-setup/#installing-the-plugins

[✓] IntelliJ IDEA Ultimate Edition (version 2018.1)
    • IntelliJ at C:\Program Files\JetBrains\IntelliJ IDEA 2018.1.4
    • Flutter plugin version 31.3.1
    • Dart plugin version 181.5656

[✓] VS Code (version 1.39.1)
    • VS Code at C:\Users\danwe\AppData\Local\Programs\Microsoft VS Code
    • Flutter extension version 2.25.1

[✓] Connected device (1 available)
    • SM G965F • 22c11f80380d7ece • android-arm64 • Android 9 (API 28)

! Doctor found issues in 2 categories.
```
